<?xml version="1.0" encoding="UTF-8"?>
<!-- Generated by org.testng.reporters.JUnitXMLReporter -->
<testsuite hostname="LAPTOP-MHOFMG9V" ignored="0" name="Free CRM App Test Cases" tests="7" failures="2" timestamp="28 May 2018 17:15:44 GMT" time="257.423" errors="0">
  <testcase name="LoginPageTitle" time="1.142" classname="com.crm.qa.testcases.LoginTestcase">
    <failure type="java.lang.AssertionError" message="expected [#1 Free CRM for Any Business: Online Customer Relationship Software] but found [Free CRM software in the cloud powers sales and customer service]">
      <![CDATA[java.lang.AssertionError: expected [#1 Free CRM for Any Business: Online Customer Relationship Software] but found [Free CRM software in the cloud powers sales and customer service]
	at com.crm.qa.testcases.LoginTestcase.LoginPageTitle(LoginTestcase.java:45)
... Removed 31 stack frames]]>
    </failure>
  </testcase> <!-- LoginPageTitle -->
  <testcase name="fullSearchLink" time="1.477" classname="com.crm.qa.testcases.HomeTestcase">
    <failure type="org.openqa.selenium.ElementNotVisibleException" message="Element is not currently visible and so may not be interacted with (WARNING: The server did not provide any stacktrace information)
Command duration or timeout: 0 milliseconds
Build info: version: &amp;apos;3.5.3&amp;apos;, revision: &amp;apos;a88d25fe6b&amp;apos;, time: &amp;apos;2017-08-29T12:42:44.417Z&amp;apos;
System info: host: &amp;apos;LAPTOP-MHOFMG9V&amp;apos;, ip: &amp;apos;192.168.0.102&amp;apos;, os.name: &amp;apos;Windows 10&amp;apos;, os.arch: &amp;apos;amd64&amp;apos;, os.version: &amp;apos;10.0&amp;apos;, java.version: &amp;apos;1.8.0_161&amp;apos;
Driver info: org.openqa.selenium.firefox.FirefoxDriver
Capabilities [{applicationCacheEnabled=true, rotatable=false, handlesAlerts=true, databaseEnabled=true, version=46.0.1, platform=WINDOWS, nativeEvents=false, acceptSslCerts=true, webStorageEnabled=true, locationContextEnabled=true, browserName=firefox, takesScreenshot=true, javascriptEnabled=true, platformName=WINDOWS, cssSelectorsEnabled=true}]
Session ID: 00c5d4f3-b914-4121-bffd-cecdebb4ab03">
      <![CDATA[org.openqa.selenium.ElementNotVisibleException: Element is not currently visible and so may not be interacted with (WARNING: The server did not provide any stacktrace information)
Command duration or timeout: 0 milliseconds
Build info: version: '3.5.3', revision: 'a88d25fe6b', time: '2017-08-29T12:42:44.417Z'
System info: host: 'LAPTOP-MHOFMG9V', ip: '192.168.0.102', os.name: 'Windows 10', os.arch: 'amd64', os.version: '10.0', java.version: '1.8.0_161'
Driver info: org.openqa.selenium.firefox.FirefoxDriver
Capabilities [{applicationCacheEnabled=true, rotatable=false, handlesAlerts=true, databaseEnabled=true, version=46.0.1, platform=WINDOWS, nativeEvents=false, acceptSslCerts=true, webStorageEnabled=true, locationContextEnabled=true, browserName=firefox, takesScreenshot=true, javascriptEnabled=true, platformName=WINDOWS, cssSelectorsEnabled=true}]
Session ID: 00c5d4f3-b914-4121-bffd-cecdebb4ab03
	at org.openqa.selenium.remote.ErrorHandler.createThrowable(ErrorHandler.java:215)
	at org.openqa.selenium.remote.ErrorHandler.throwIfResponseFailed(ErrorHandler.java:167)
	at org.openqa.selenium.remote.http.JsonHttpResponseCodec.reconstructValue(JsonHttpResponseCodec.java:40)
	at org.openqa.selenium.remote.http.AbstractHttpResponseCodec.decode(AbstractHttpResponseCodec.java:82)
	at org.openqa.selenium.remote.http.AbstractHttpResponseCodec.decode(AbstractHttpResponseCodec.java:45)
	at org.openqa.selenium.remote.HttpCommandExecutor.execute(HttpCommandExecutor.java:164)
	at org.openqa.selenium.remote.service.DriverCommandExecutor.execute(DriverCommandExecutor.java:82)
	at org.openqa.selenium.remote.RemoteWebDriver.execute(RemoteWebDriver.java:646)
	at org.openqa.selenium.remote.RemoteExecuteMethod.execute(RemoteExecuteMethod.java:35)
	at org.openqa.selenium.remote.RemoteMouse.click(RemoteMouse.java:59)
	at org.openqa.selenium.support.events.internal.EventFiringMouse.click(EventFiringMouse.java:42)
	at org.openqa.selenium.interactions.ClickAction.perform(ClickAction.java:40)
	at org.openqa.selenium.interactions.CompositeAction.perform(CompositeAction.java:36)
	at org.openqa.selenium.interactions.Actions$BuiltAction.perform(Actions.java:641)
	at com.crm.qa.pages.HomePage.validateClickOnFullSearchLink(HomePage.java:54)
	at com.crm.qa.testcases.HomeTestcase.fullSearchLink(HomeTestcase.java:64)
... Removed 29 stack frames]]>
    </failure>
  </testcase> <!-- fullSearchLink -->
  <testcase name="validateLogin" time="8.086" classname="com.crm.qa.testcases.LoginTestcase"/>
  <testcase name="casesLink" time="0.455" classname="com.crm.qa.testcases.HomeTestcase"/>
  <testcase name="pricingLink" time="0.395" classname="com.crm.qa.testcases.LoginTestcase"/>
  <testcase name="validateCaseLink" time="0.459" classname="com.crm.qa.testcases.HomeTestcase"/>
  <testcase name="homePageTitle" time="0.088" classname="com.crm.qa.testcases.HomeTestcase"/>
</testsuite> <!-- Free CRM App Test Cases -->
