<?xml version="1.0" encoding="UTF-8"?>
<testng-results skipped="0" failed="2" ignored="0" total="7" passed="5">
  <reporter-output>
  </reporter-output>
  <suite name="FREE CRM Application Test Automation Test Suite" duration-ms="257423" started-at="2018-05-28T17:11:26Z" finished-at="2018-05-28T17:15:43Z">
    <groups>
    </groups>
    <test name="Free CRM App Test Cases" duration-ms="257423" started-at="2018-05-28T17:11:26Z" finished-at="2018-05-28T17:15:43Z">
      <class name="com.crm.qa.testcases.HomeTestcase">
        <test-method status="PASS" signature="setUP()[pri:0, instance:com.crm.qa.testcases.HomeTestcase@553f17c]" name="setUP" is-config="true" duration-ms="41848" started-at="2018-05-28T22:42:23Z" finished-at="2018-05-28T22:43:05Z">
          <reporter-output>
          </reporter-output>
        </test-method> <!-- setUP -->
        <test-method status="FAIL" signature="fullSearchLink()[pri:1, instance:com.crm.qa.testcases.HomeTestcase@553f17c]" name="fullSearchLink" duration-ms="1477" started-at="2018-05-28T22:43:05Z" finished-at="2018-05-28T22:43:06Z">
          <exception class="org.openqa.selenium.ElementNotVisibleException">
            <message>
              <![CDATA[Element is not currently visible and so may not be interacted with (WARNING: The server did not provide any stacktrace information)
Command duration or timeout: 0 milliseconds
Build info: version: '3.5.3', revision: 'a88d25fe6b', time: '2017-08-29T12:42:44.417Z'
System info: host: 'LAPTOP-MHOFMG9V', ip: '192.168.0.102', os.name: 'Windows 10', os.arch: 'amd64', os.version: '10.0', java.version: '1.8.0_161'
Driver info: org.openqa.selenium.firefox.FirefoxDriver
Capabilities [{applicationCacheEnabled=true, rotatable=false, handlesAlerts=true, databaseEnabled=true, version=46.0.1, platform=WINDOWS, nativeEvents=false, acceptSslCerts=true, webStorageEnabled=true, locationContextEnabled=true, browserName=firefox, takesScreenshot=true, javascriptEnabled=true, platformName=WINDOWS, cssSelectorsEnabled=true}]
Session ID: 00c5d4f3-b914-4121-bffd-cecdebb4ab03]]>
            </message>
            <full-stacktrace>
              <![CDATA[org.openqa.selenium.ElementNotVisibleException: Element is not currently visible and so may not be interacted with (WARNING: The server did not provide any stacktrace information)
Command duration or timeout: 0 milliseconds
Build info: version: '3.5.3', revision: 'a88d25fe6b', time: '2017-08-29T12:42:44.417Z'
System info: host: 'LAPTOP-MHOFMG9V', ip: '192.168.0.102', os.name: 'Windows 10', os.arch: 'amd64', os.version: '10.0', java.version: '1.8.0_161'
Driver info: org.openqa.selenium.firefox.FirefoxDriver
Capabilities [{applicationCacheEnabled=true, rotatable=false, handlesAlerts=true, databaseEnabled=true, version=46.0.1, platform=WINDOWS, nativeEvents=false, acceptSslCerts=true, webStorageEnabled=true, locationContextEnabled=true, browserName=firefox, takesScreenshot=true, javascriptEnabled=true, platformName=WINDOWS, cssSelectorsEnabled=true}]
Session ID: 00c5d4f3-b914-4121-bffd-cecdebb4ab03
	at sun.reflect.NativeConstructorAccessorImpl.newInstance0(Native Method)
	at sun.reflect.NativeConstructorAccessorImpl.newInstance(NativeConstructorAccessorImpl.java:62)
	at sun.reflect.DelegatingConstructorAccessorImpl.newInstance(DelegatingConstructorAccessorImpl.java:45)
	at java.lang.reflect.Constructor.newInstance(Constructor.java:423)
	at org.openqa.selenium.remote.ErrorHandler.createThrowable(ErrorHandler.java:215)
	at org.openqa.selenium.remote.ErrorHandler.throwIfResponseFailed(ErrorHandler.java:167)
	at org.openqa.selenium.remote.http.JsonHttpResponseCodec.reconstructValue(JsonHttpResponseCodec.java:40)
	at org.openqa.selenium.remote.http.AbstractHttpResponseCodec.decode(AbstractHttpResponseCodec.java:82)
	at org.openqa.selenium.remote.http.AbstractHttpResponseCodec.decode(AbstractHttpResponseCodec.java:45)
	at org.openqa.selenium.remote.HttpCommandExecutor.execute(HttpCommandExecutor.java:164)
	at org.openqa.selenium.remote.service.DriverCommandExecutor.execute(DriverCommandExecutor.java:82)
	at org.openqa.selenium.remote.RemoteWebDriver.execute(RemoteWebDriver.java:646)
	at org.openqa.selenium.remote.RemoteExecuteMethod.execute(RemoteExecuteMethod.java:35)
	at org.openqa.selenium.remote.RemoteMouse.click(RemoteMouse.java:59)
	at org.openqa.selenium.support.events.internal.EventFiringMouse.click(EventFiringMouse.java:42)
	at org.openqa.selenium.interactions.ClickAction.perform(ClickAction.java:40)
	at org.openqa.selenium.interactions.CompositeAction.perform(CompositeAction.java:36)
	at org.openqa.selenium.interactions.Actions$BuiltAction.perform(Actions.java:641)
	at com.crm.qa.pages.HomePage.validateClickOnFullSearchLink(HomePage.java:54)
	at com.crm.qa.testcases.HomeTestcase.fullSearchLink(HomeTestcase.java:64)
	at sun.reflect.NativeMethodAccessorImpl.invoke0(Native Method)
	at sun.reflect.NativeMethodAccessorImpl.invoke(NativeMethodAccessorImpl.java:62)
	at sun.reflect.DelegatingMethodAccessorImpl.invoke(DelegatingMethodAccessorImpl.java:43)
	at java.lang.reflect.Method.invoke(Method.java:498)
	at org.testng.internal.MethodInvocationHelper.invokeMethod(MethodInvocationHelper.java:108)
	at org.testng.internal.Invoker.invokeMethod(Invoker.java:661)
	at org.testng.internal.Invoker.invokeTestMethod(Invoker.java:869)
	at org.testng.internal.Invoker.invokeTestMethods(Invoker.java:1193)
	at org.testng.internal.TestMethodWorker.invokeTestMethods(TestMethodWorker.java:126)
	at org.testng.internal.TestMethodWorker.run(TestMethodWorker.java:109)
	at org.testng.TestRunner.privateRun(TestRunner.java:744)
	at org.testng.TestRunner.run(TestRunner.java:602)
	at org.testng.SuiteRunner.runTest(SuiteRunner.java:380)
	at org.testng.SuiteRunner.runSequentially(SuiteRunner.java:375)
	at org.testng.SuiteRunner.privateRun(SuiteRunner.java:340)
	at org.testng.SuiteRunner.run(SuiteRunner.java:289)
	at org.testng.SuiteRunnerWorker.runSuite(SuiteRunnerWorker.java:52)
	at org.testng.SuiteRunnerWorker.run(SuiteRunnerWorker.java:86)
	at org.testng.TestNG.runSuitesSequentially(TestNG.java:1301)
	at org.testng.TestNG.runSuitesLocally(TestNG.java:1226)
	at org.testng.TestNG.runSuites(TestNG.java:1144)
	at org.testng.TestNG.run(TestNG.java:1115)
	at org.testng.remote.AbstractRemoteTestNG.run(AbstractRemoteTestNG.java:114)
	at org.testng.remote.RemoteTestNG.initAndRun(RemoteTestNG.java:251)
	at org.testng.remote.RemoteTestNG.main(RemoteTestNG.java:77)
]]>
            </full-stacktrace>
          </exception> <!-- org.openqa.selenium.ElementNotVisibleException -->
          <reporter-output>
          </reporter-output>
        </test-method> <!-- fullSearchLink -->
        <test-method status="PASS" signature="endUp()[pri:0, instance:com.crm.qa.testcases.HomeTestcase@553f17c]" name="endUp" is-config="true" duration-ms="1225" started-at="2018-05-28T22:43:06Z" finished-at="2018-05-28T22:43:08Z">
          <reporter-output>
          </reporter-output>
        </test-method> <!-- endUp -->
        <test-method status="PASS" signature="setUP()[pri:0, instance:com.crm.qa.testcases.HomeTestcase@553f17c]" name="setUP" is-config="true" duration-ms="29045" started-at="2018-05-28T22:43:37Z" finished-at="2018-05-28T22:44:06Z">
          <reporter-output>
          </reporter-output>
        </test-method> <!-- setUP -->
        <test-method status="PASS" signature="casesLink()[pri:2, instance:com.crm.qa.testcases.HomeTestcase@553f17c]" name="casesLink" duration-ms="455" started-at="2018-05-28T22:44:06Z" finished-at="2018-05-28T22:44:06Z">
          <reporter-output>
          </reporter-output>
        </test-method> <!-- casesLink -->
        <test-method status="PASS" signature="endUp()[pri:0, instance:com.crm.qa.testcases.HomeTestcase@553f17c]" name="endUp" is-config="true" duration-ms="982" started-at="2018-05-28T22:44:06Z" finished-at="2018-05-28T22:44:07Z">
          <reporter-output>
          </reporter-output>
        </test-method> <!-- endUp -->
        <test-method status="PASS" signature="setUP()[pri:0, instance:com.crm.qa.testcases.HomeTestcase@553f17c]" name="setUP" is-config="true" duration-ms="30836" started-at="2018-05-28T22:44:29Z" finished-at="2018-05-28T22:45:00Z">
          <reporter-output>
          </reporter-output>
        </test-method> <!-- setUP -->
        <test-method status="PASS" signature="validateCaseLink()[pri:3, instance:com.crm.qa.testcases.HomeTestcase@553f17c]" name="validateCaseLink" duration-ms="459" started-at="2018-05-28T22:45:00Z" finished-at="2018-05-28T22:45:01Z">
          <reporter-output>
          </reporter-output>
        </test-method> <!-- validateCaseLink -->
        <test-method status="PASS" signature="endUp()[pri:0, instance:com.crm.qa.testcases.HomeTestcase@553f17c]" name="endUp" is-config="true" duration-ms="1320" started-at="2018-05-28T22:45:01Z" finished-at="2018-05-28T22:45:02Z">
          <reporter-output>
          </reporter-output>
        </test-method> <!-- endUp -->
        <test-method status="PASS" signature="setUP()[pri:0, instance:com.crm.qa.testcases.HomeTestcase@553f17c]" name="setUP" is-config="true" duration-ms="40519" started-at="2018-05-28T22:45:02Z" finished-at="2018-05-28T22:45:42Z">
          <reporter-output>
          </reporter-output>
        </test-method> <!-- setUP -->
        <test-method status="PASS" signature="homePageTitle()[pri:4, instance:com.crm.qa.testcases.HomeTestcase@553f17c]" name="homePageTitle" duration-ms="88" started-at="2018-05-28T22:45:42Z" finished-at="2018-05-28T22:45:43Z">
          <reporter-output>
          </reporter-output>
        </test-method> <!-- homePageTitle -->
        <test-method status="PASS" signature="endUp()[pri:0, instance:com.crm.qa.testcases.HomeTestcase@553f17c]" name="endUp" is-config="true" duration-ms="930" started-at="2018-05-28T22:45:43Z" finished-at="2018-05-28T22:45:43Z">
          <reporter-output>
          </reporter-output>
        </test-method> <!-- endUp -->
      </class> <!-- com.crm.qa.testcases.HomeTestcase -->
      <class name="com.crm.qa.testcases.LoginTestcase">
        <test-method status="PASS" signature="setUp()[pri:0, instance:com.crm.qa.testcases.LoginTestcase@5f341870]" name="setUp" is-config="true" duration-ms="47952" started-at="2018-05-28T22:41:26Z" finished-at="2018-05-28T22:42:14Z">
          <reporter-output>
          </reporter-output>
        </test-method> <!-- setUp -->
        <test-method status="FAIL" signature="LoginPageTitle()[pri:1, instance:com.crm.qa.testcases.LoginTestcase@5f341870]" name="LoginPageTitle" duration-ms="1142" started-at="2018-05-28T22:42:14Z" finished-at="2018-05-28T22:42:15Z">
          <exception class="java.lang.AssertionError">
            <message>
              <![CDATA[expected [#1 Free CRM for Any Business: Online Customer Relationship Software] but found [Free CRM software in the cloud powers sales and customer service]]]>
            </message>
            <full-stacktrace>
              <![CDATA[java.lang.AssertionError: expected [#1 Free CRM for Any Business: Online Customer Relationship Software] but found [Free CRM software in the cloud powers sales and customer service]
	at org.testng.Assert.fail(Assert.java:93)
	at org.testng.Assert.failNotEquals(Assert.java:512)
	at org.testng.Assert.assertEqualsImpl(Assert.java:134)
	at org.testng.Assert.assertEquals(Assert.java:115)
	at org.testng.Assert.assertEquals(Assert.java:189)
	at org.testng.Assert.assertEquals(Assert.java:199)
	at com.crm.qa.testcases.LoginTestcase.LoginPageTitle(LoginTestcase.java:45)
	at sun.reflect.NativeMethodAccessorImpl.invoke0(Native Method)
	at sun.reflect.NativeMethodAccessorImpl.invoke(NativeMethodAccessorImpl.java:62)
	at sun.reflect.DelegatingMethodAccessorImpl.invoke(DelegatingMethodAccessorImpl.java:43)
	at java.lang.reflect.Method.invoke(Method.java:498)
	at org.testng.internal.MethodInvocationHelper.invokeMethod(MethodInvocationHelper.java:108)
	at org.testng.internal.Invoker.invokeMethod(Invoker.java:661)
	at org.testng.internal.Invoker.invokeTestMethod(Invoker.java:869)
	at org.testng.internal.Invoker.invokeTestMethods(Invoker.java:1193)
	at org.testng.internal.TestMethodWorker.invokeTestMethods(TestMethodWorker.java:126)
	at org.testng.internal.TestMethodWorker.run(TestMethodWorker.java:109)
	at org.testng.TestRunner.privateRun(TestRunner.java:744)
	at org.testng.TestRunner.run(TestRunner.java:602)
	at org.testng.SuiteRunner.runTest(SuiteRunner.java:380)
	at org.testng.SuiteRunner.runSequentially(SuiteRunner.java:375)
	at org.testng.SuiteRunner.privateRun(SuiteRunner.java:340)
	at org.testng.SuiteRunner.run(SuiteRunner.java:289)
	at org.testng.SuiteRunnerWorker.runSuite(SuiteRunnerWorker.java:52)
	at org.testng.SuiteRunnerWorker.run(SuiteRunnerWorker.java:86)
	at org.testng.TestNG.runSuitesSequentially(TestNG.java:1301)
	at org.testng.TestNG.runSuitesLocally(TestNG.java:1226)
	at org.testng.TestNG.runSuites(TestNG.java:1144)
	at org.testng.TestNG.run(TestNG.java:1115)
	at org.testng.remote.AbstractRemoteTestNG.run(AbstractRemoteTestNG.java:114)
	at org.testng.remote.RemoteTestNG.initAndRun(RemoteTestNG.java:251)
	at org.testng.remote.RemoteTestNG.main(RemoteTestNG.java:77)
]]>
            </full-stacktrace>
          </exception> <!-- java.lang.AssertionError -->
          <reporter-output>
          </reporter-output>
        </test-method> <!-- LoginPageTitle -->
        <test-method status="PASS" signature="endUp()[pri:0, instance:com.crm.qa.testcases.LoginTestcase@5f341870]" name="endUp" is-config="true" duration-ms="7957" started-at="2018-05-28T22:42:15Z" finished-at="2018-05-28T22:42:23Z">
          <reporter-output>
          </reporter-output>
        </test-method> <!-- endUp -->
        <test-method status="PASS" signature="setUp()[pri:0, instance:com.crm.qa.testcases.LoginTestcase@5f341870]" name="setUp" is-config="true" duration-ms="19909" started-at="2018-05-28T22:43:08Z" finished-at="2018-05-28T22:43:28Z">
          <reporter-output>
          </reporter-output>
        </test-method> <!-- setUp -->
        <test-method status="PASS" signature="validateLogin()[pri:2, instance:com.crm.qa.testcases.LoginTestcase@5f341870]" name="validateLogin" duration-ms="8086" started-at="2018-05-28T22:43:28Z" finished-at="2018-05-28T22:43:36Z">
          <reporter-output>
          </reporter-output>
        </test-method> <!-- validateLogin -->
        <test-method status="PASS" signature="endUp()[pri:0, instance:com.crm.qa.testcases.LoginTestcase@5f341870]" name="endUp" is-config="true" duration-ms="896" started-at="2018-05-28T22:43:36Z" finished-at="2018-05-28T22:43:37Z">
          <reporter-output>
          </reporter-output>
        </test-method> <!-- endUp -->
        <test-method status="PASS" signature="setUp()[pri:0, instance:com.crm.qa.testcases.LoginTestcase@5f341870]" name="setUp" is-config="true" duration-ms="20922" started-at="2018-05-28T22:44:07Z" finished-at="2018-05-28T22:44:28Z">
          <reporter-output>
          </reporter-output>
        </test-method> <!-- setUp -->
        <test-method status="PASS" signature="pricingLink()[pri:3, instance:com.crm.qa.testcases.LoginTestcase@5f341870]" name="pricingLink" duration-ms="395" started-at="2018-05-28T22:44:28Z" finished-at="2018-05-28T22:44:28Z">
          <reporter-output>
          </reporter-output>
        </test-method> <!-- pricingLink -->
        <test-method status="PASS" signature="endUp()[pri:0, instance:com.crm.qa.testcases.LoginTestcase@5f341870]" name="endUp" is-config="true" duration-ms="921" started-at="2018-05-28T22:44:28Z" finished-at="2018-05-28T22:44:29Z">
          <reporter-output>
          </reporter-output>
        </test-method> <!-- endUp -->
      </class> <!-- com.crm.qa.testcases.LoginTestcase -->
    </test> <!-- Free CRM App Test Cases -->
  </suite> <!-- FREE CRM Application Test Automation Test Suite -->
</testng-results>
